j:\xlingsky\post-filtering - finished\code\post-filtering-master\disp_filtering\x64\release\disp_filtering.pch
j:\xlingsky\post-filtering - finished\code\post-filtering-master\disp_filtering\x64\release\vc142.pdb
j:\xlingsky\post-filtering - finished\code\post-filtering-master\disp_filtering\x64\release\stdafx.obj
j:\xlingsky\post-filtering - finished\code\post-filtering-master\disp_filtering\x64\release\tinyxmlparser.obj
j:\xlingsky\post-filtering - finished\code\post-filtering-master\disp_filtering\x64\release\tinyxmlerror.obj
j:\xlingsky\post-filtering - finished\code\post-filtering-master\disp_filtering\x64\release\tinyxml.obj
j:\xlingsky\post-filtering - finished\code\post-filtering-master\disp_filtering\x64\release\tinystr.obj
j:\xlingsky\post-filtering - finished\code\post-filtering-master\disp_filtering\x64\release\simple_matrix_computation.obj
j:\xlingsky\post-filtering - finished\code\post-filtering-master\disp_filtering\x64\release\rpc_fun.obj
j:\xlingsky\post-filtering - finished\code\post-filtering-master\disp_filtering\x64\release\parallelprocessing.obj
j:\xlingsky\post-filtering - finished\code\post-filtering-master\disp_filtering\x64\release\otherfuns.obj
j:\xlingsky\post-filtering - finished\code\post-filtering-master\disp_filtering\x64\release\ll_utm.obj
j:\xlingsky\post-filtering - finished\code\post-filtering-master\disp_filtering\x64\release\leastsquarematching.obj
j:\xlingsky\post-filtering - finished\code\post-filtering-master\disp_filtering\x64\release\imageprocess.obj
j:\xlingsky\post-filtering - finished\code\post-filtering-master\disp_filtering\x64\release\cvclass.obj
j:\xlingsky\post-filtering - finished\code\post-filtering-master\disp_filtering\x64\release\converter_utm_latlon.obj
j:\xlingsky\post-filtering - finished\code\post-filtering-master\disp_filtering\x64\release\bundle_adjustment.obj
j:\xlingsky\post-filtering - finished\code\post-filtering-master\disp_filtering\x64\release\disp_filtering.obj
j:\xlingsky\post-filtering - finished\code\post-filtering-master\disp_filtering\x64\release\disp_filtering.tlog\cl.command.1.tlog
j:\xlingsky\post-filtering - finished\code\post-filtering-master\disp_filtering\x64\release\disp_filtering.tlog\cl.read.1.tlog
j:\xlingsky\post-filtering - finished\code\post-filtering-master\disp_filtering\x64\release\disp_filtering.tlog\cl.write.1.tlog
